{"C:\\Users\\Hogar\\Desktop\\Laboratoria\\movie-challenge\\src\\App.jsx": {"path":"C:\\Users\\Hogar\\Desktop\\Laboratoria\\movie-challenge\\src\\App.jsx","statementMap":{"0":{"start":{"line":13,"column":2},"end":{"line":25,"column":4}}},"fnMap":{"0":{"name":"App","decl":{"start":{"line":12,"column":9},"end":{"line":12,"column":12}},"loc":{"start":{"line":12,"column":15},"end":{"line":26,"column":1}},"line":12}},"branchMap":{},"s":{"0":1},"f":{"0":1},"b":{},"_coverageSchema":"1a1c01bbd47fc00a2c39e90264f33305004495a9","hash":"1b7b97ddf332cdee64e27165de86b8c253ad624e"}
,"C:\\Users\\Hogar\\Desktop\\Laboratoria\\movie-challenge\\src\\main.jsx": {"path":"C:\\Users\\Hogar\\Desktop\\Laboratoria\\movie-challenge\\src\\main.jsx","statementMap":{"0":{"start":{"line":15,"column":0},"end":{"line":21,"column":1}}},"fnMap":{},"branchMap":{},"s":{"0":0},"f":{},"b":{}}
,"C:\\Users\\Hogar\\Desktop\\Laboratoria\\movie-challenge\\src\\api\\apiConfig.js": {"path":"C:\\Users\\Hogar\\Desktop\\Laboratoria\\movie-challenge\\src\\api\\apiConfig.js","statementMap":{"0":{"start":{"line":1,"column":18},"end":{"line":7,"column":1}},"1":{"start":{"line":4,"column":30},"end":{"line":4,"column":78}},"2":{"start":{"line":5,"column":26},"end":{"line":5,"column":70}},"3":{"start":{"line":6,"column":26},"end":{"line":6,"column":70}}},"fnMap":{"0":{"name":"(anonymous_0)","decl":{"start":{"line":4,"column":17},"end":{"line":4,"column":18}},"loc":{"start":{"line":4,"column":30},"end":{"line":4,"column":78}},"line":4},"1":{"name":"(anonymous_1)","decl":{"start":{"line":5,"column":13},"end":{"line":5,"column":14}},"loc":{"start":{"line":5,"column":26},"end":{"line":5,"column":70}},"line":5},"2":{"name":"(anonymous_2)","decl":{"start":{"line":6,"column":13},"end":{"line":6,"column":14}},"loc":{"start":{"line":6,"column":26},"end":{"line":6,"column":70}},"line":6}},"branchMap":{},"s":{"0":2,"1":3,"2":1,"3":1},"f":{"0":3,"1":1,"2":1},"b":{},"_coverageSchema":"1a1c01bbd47fc00a2c39e90264f33305004495a9","hash":"8b62f6a47406f146bfd35c2348d23d86d45c4b98"}
,"C:\\Users\\Hogar\\Desktop\\Laboratoria\\movie-challenge\\src\\components\\auth\\Login.jsx": {"path":"C:\\Users\\Hogar\\Desktop\\Laboratoria\\movie-challenge\\src\\components\\auth\\Login.jsx","statementMap":{"0":{"start":{"line":2,"column":21},"end":{"line":6,"column":1}},"1":{"start":{"line":3,"column":2},"end":{"line":5,"column":3}}},"fnMap":{"0":{"name":"(anonymous_0)","decl":{"start":{"line":2,"column":21},"end":{"line":2,"column":22}},"loc":{"start":{"line":2,"column":27},"end":{"line":6,"column":1}},"line":2}},"branchMap":{},"s":{"0":1,"1":1},"f":{"0":1},"b":{},"_coverageSchema":"1a1c01bbd47fc00a2c39e90264f33305004495a9","hash":"1aef579abf485d96ec8420c7de38dbb50820079b"}
,"C:\\Users\\Hogar\\Desktop\\Laboratoria\\movie-challenge\\src\\components\\error\\Error.jsx": {"path":"C:\\Users\\Hogar\\Desktop\\Laboratoria\\movie-challenge\\src\\components\\error\\Error.jsx","statementMap":{"0":{"start":{"line":3,"column":21},"end":{"line":12,"column":1}},"1":{"start":{"line":5,"column":2},"end":{"line":11,"column":4}}},"fnMap":{"0":{"name":"(anonymous_0)","decl":{"start":{"line":3,"column":21},"end":{"line":3,"column":22}},"loc":{"start":{"line":3,"column":27},"end":{"line":12,"column":1}},"line":3}},"branchMap":{},"s":{"0":1,"1":1},"f":{"0":1},"b":{},"_coverageSchema":"1a1c01bbd47fc00a2c39e90264f33305004495a9","hash":"ccfd5b982a2ac0b3cc09d7affcc4bb194f63ccbb"}
,"C:\\Users\\Hogar\\Desktop\\Laboratoria\\movie-challenge\\src\\components\\home\\Home.jsx": {"path":"C:\\Users\\Hogar\\Desktop\\Laboratoria\\movie-challenge\\src\\components\\home\\Home.jsx","statementMap":{"0":{"start":{"line":4,"column":20},"end":{"line":11,"column":1}},"1":{"start":{"line":5,"column":2},"end":{"line":10,"column":4}}},"fnMap":{"0":{"name":"(anonymous_0)","decl":{"start":{"line":4,"column":20},"end":{"line":4,"column":21}},"loc":{"start":{"line":4,"column":26},"end":{"line":11,"column":1}},"line":4}},"branchMap":{},"s":{"0":1,"1":1},"f":{"0":1},"b":{},"_coverageSchema":"1a1c01bbd47fc00a2c39e90264f33305004495a9","hash":"4bba3180a7380f24d195d1c20a77cda69142c403"}
,"C:\\Users\\Hogar\\Desktop\\Laboratoria\\movie-challenge\\src\\components\\home\\carousel\\Carousel.jsx": {"path":"C:\\Users\\Hogar\\Desktop\\Laboratoria\\movie-challenge\\src\\components\\home\\carousel\\Carousel.jsx","statementMap":{"0":{"start":{"line":4,"column":24},"end":{"line":47,"column":1}},"1":{"start":{"line":6,"column":17},"end":{"line":16,"column":3}},"2":{"start":{"line":18,"column":42},"end":{"line":18,"column":53}},"3":{"start":{"line":20,"column":21},"end":{"line":24,"column":3}},"4":{"start":{"line":21,"column":25},"end":{"line":21,"column":43}},"5":{"start":{"line":22,"column":21},"end":{"line":22,"column":72}},"6":{"start":{"line":23,"column":4},"end":{"line":23,"column":29}},"7":{"start":{"line":26,"column":21},"end":{"line":30,"column":3}},"8":{"start":{"line":27,"column":24},"end":{"line":27,"column":58}},"9":{"start":{"line":28,"column":21},"end":{"line":28,"column":55}},"10":{"start":{"line":29,"column":4},"end":{"line":29,"column":29}},"11":{"start":{"line":32,"column":2},"end":{"line":46,"column":3}}},"fnMap":{"0":{"name":"(anonymous_0)","decl":{"start":{"line":4,"column":24},"end":{"line":4,"column":25}},"loc":{"start":{"line":4,"column":30},"end":{"line":47,"column":1}},"line":4},"1":{"name":"(anonymous_1)","decl":{"start":{"line":20,"column":21},"end":{"line":20,"column":22}},"loc":{"start":{"line":20,"column":27},"end":{"line":24,"column":3}},"line":20},"2":{"name":"(anonymous_2)","decl":{"start":{"line":26,"column":21},"end":{"line":26,"column":22}},"loc":{"start":{"line":26,"column":27},"end":{"line":30,"column":3}},"line":26}},"branchMap":{"0":{"loc":{"start":{"line":22,"column":21},"end":{"line":22,"column":72}},"type":"cond-expr","locations":[{"start":{"line":22,"column":36},"end":{"line":22,"column":53}},{"start":{"line":22,"column":56},"end":{"line":22,"column":72}}],"line":22},"1":{"loc":{"start":{"line":28,"column":21},"end":{"line":28,"column":55}},"type":"cond-expr","locations":[{"start":{"line":28,"column":35},"end":{"line":28,"column":36}},{"start":{"line":28,"column":39},"end":{"line":28,"column":55}}],"line":28}},"s":{"0":1,"1":1,"2":1,"3":1,"4":0,"5":0,"6":0,"7":1,"8":0,"9":0,"10":0,"11":1},"f":{"0":1,"1":0,"2":0},"b":{"0":[0,0],"1":[0,0]},"_coverageSchema":"1a1c01bbd47fc00a2c39e90264f33305004495a9","hash":"b50938f652778bfff7d3b106cae6fc525824f230"}
,"C:\\Users\\Hogar\\Desktop\\Laboratoria\\movie-challenge\\src\\components\\home\\layouts\\Footer.jsx": {"path":"C:\\Users\\Hogar\\Desktop\\Laboratoria\\movie-challenge\\src\\components\\home\\layouts\\Footer.jsx","statementMap":{"0":{"start":{"line":4,"column":22},"end":{"line":26,"column":1}},"1":{"start":{"line":5,"column":2},"end":{"line":25,"column":3}}},"fnMap":{"0":{"name":"(anonymous_0)","decl":{"start":{"line":4,"column":22},"end":{"line":4,"column":23}},"loc":{"start":{"line":4,"column":28},"end":{"line":26,"column":1}},"line":4}},"branchMap":{},"s":{"0":1,"1":1},"f":{"0":1},"b":{},"_coverageSchema":"1a1c01bbd47fc00a2c39e90264f33305004495a9","hash":"8c04dada27a94ad466ce0a71379a9e0ce14db5a3"}
,"C:\\Users\\Hogar\\Desktop\\Laboratoria\\movie-challenge\\src\\components\\home\\layouts\\Header.jsx": {"path":"C:\\Users\\Hogar\\Desktop\\Laboratoria\\movie-challenge\\src\\components\\home\\layouts\\Header.jsx","statementMap":{"0":{"start":{"line":9,"column":22},"end":{"line":81,"column":1}},"1":{"start":{"line":13,"column":23},"end":{"line":17,"column":3}},"2":{"start":{"line":14,"column":22},"end":{"line":14,"column":63}},"3":{"start":{"line":15,"column":4},"end":{"line":15,"column":47}},"4":{"start":{"line":16,"column":4},"end":{"line":16,"column":48}},"5":{"start":{"line":19,"column":22},"end":{"line":23,"column":3}},"6":{"start":{"line":20,"column":22},"end":{"line":20,"column":63}},"7":{"start":{"line":21,"column":4},"end":{"line":21,"column":51}},"8":{"start":{"line":22,"column":4},"end":{"line":22,"column":44}},"9":{"start":{"line":28,"column":2},"end":{"line":80,"column":4}}},"fnMap":{"0":{"name":"(anonymous_0)","decl":{"start":{"line":9,"column":22},"end":{"line":9,"column":23}},"loc":{"start":{"line":9,"column":28},"end":{"line":81,"column":1}},"line":9},"1":{"name":"(anonymous_1)","decl":{"start":{"line":13,"column":23},"end":{"line":13,"column":24}},"loc":{"start":{"line":13,"column":29},"end":{"line":17,"column":3}},"line":13},"2":{"name":"(anonymous_2)","decl":{"start":{"line":19,"column":22},"end":{"line":19,"column":23}},"loc":{"start":{"line":19,"column":28},"end":{"line":23,"column":3}},"line":19}},"branchMap":{},"s":{"0":1,"1":1,"2":0,"3":0,"4":0,"5":1,"6":0,"7":0,"8":0,"9":1},"f":{"0":1,"1":0,"2":0},"b":{},"_coverageSchema":"1a1c01bbd47fc00a2c39e90264f33305004495a9","hash":"40652b4dbb5175d8c0f9504ea1bf1ab6bc29aeb9"}
,"C:\\Users\\Hogar\\Desktop\\Laboratoria\\movie-challenge\\src\\components\\home\\trending\\Trending.jsx": {"path":"C:\\Users\\Hogar\\Desktop\\Laboratoria\\movie-challenge\\src\\components\\home\\trending\\Trending.jsx","statementMap":{"0":{"start":{"line":5,"column":24},"end":{"line":64,"column":1}},"1":{"start":{"line":6,"column":34},"end":{"line":6,"column":46}},"2":{"start":{"line":8,"column":22},"end":{"line":18,"column":3}},"3":{"start":{"line":9,"column":4},"end":{"line":17,"column":44}},"4":{"start":{"line":11,"column":8},"end":{"line":13,"column":9}},"5":{"start":{"line":12,"column":10},"end":{"line":12,"column":60}},"6":{"start":{"line":14,"column":8},"end":{"line":14,"column":31}},"7":{"start":{"line":16,"column":22},"end":{"line":16,"column":47}},"8":{"start":{"line":17,"column":24},"end":{"line":17,"column":42}},"9":{"start":{"line":20,"column":2},"end":{"line":22,"column":9}},"10":{"start":{"line":21,"column":4},"end":{"line":21,"column":18}},"11":{"start":{"line":24,"column":2},"end":{"line":63,"column":4}},"12":{"start":{"line":37,"column":10},"end":{"line":59,"column":16}}},"fnMap":{"0":{"name":"(anonymous_0)","decl":{"start":{"line":5,"column":24},"end":{"line":5,"column":25}},"loc":{"start":{"line":5,"column":30},"end":{"line":64,"column":1}},"line":5},"1":{"name":"(anonymous_1)","decl":{"start":{"line":8,"column":22},"end":{"line":8,"column":23}},"loc":{"start":{"line":8,"column":28},"end":{"line":18,"column":3}},"line":8},"2":{"name":"(anonymous_2)","decl":{"start":{"line":10,"column":12},"end":{"line":10,"column":13}},"loc":{"start":{"line":10,"column":26},"end":{"line":15,"column":7}},"line":10},"3":{"name":"(anonymous_3)","decl":{"start":{"line":16,"column":12},"end":{"line":16,"column":13}},"loc":{"start":{"line":16,"column":22},"end":{"line":16,"column":47}},"line":16},"4":{"name":"(anonymous_4)","decl":{"start":{"line":17,"column":13},"end":{"line":17,"column":14}},"loc":{"start":{"line":17,"column":24},"end":{"line":17,"column":42}},"line":17},"5":{"name":"(anonymous_5)","decl":{"start":{"line":20,"column":12},"end":{"line":20,"column":13}},"loc":{"start":{"line":20,"column":18},"end":{"line":22,"column":3}},"line":20},"6":{"name":"(anonymous_6)","decl":{"start":{"line":36,"column":22},"end":{"line":36,"column":23}},"loc":{"start":{"line":37,"column":10},"end":{"line":59,"column":16}},"line":37}},"branchMap":{"0":{"loc":{"start":{"line":11,"column":8},"end":{"line":13,"column":9}},"type":"if","locations":[{"start":{"line":11,"column":8},"end":{"line":13,"column":9}},{"start":{},"end":{}}],"line":11}},"s":{"0":1,"1":2,"2":2,"3":2,"4":0,"5":0,"6":0,"7":0,"8":0,"9":2,"10":2,"11":2,"12":0},"f":{"0":2,"1":2,"2":0,"3":0,"4":0,"5":2,"6":0},"b":{"0":[0,0]},"_coverageSchema":"1a1c01bbd47fc00a2c39e90264f33305004495a9","hash":"4963a0111574b9f13e160396eecdfe1933d4d70c"}
,"C:\\Users\\Hogar\\Desktop\\Laboratoria\\movie-challenge\\src\\components\\movies\\Movies.jsx": {"path":"C:\\Users\\Hogar\\Desktop\\Laboratoria\\movie-challenge\\src\\components\\movies\\Movies.jsx","statementMap":{"0":{"start":{"line":4,"column":22},"end":{"line":18,"column":1}},"1":{"start":{"line":5,"column":2},"end":{"line":17,"column":4}}},"fnMap":{"0":{"name":"(anonymous_0)","decl":{"start":{"line":4,"column":22},"end":{"line":4,"column":23}},"loc":{"start":{"line":4,"column":28},"end":{"line":18,"column":1}},"line":4}},"branchMap":{},"s":{"0":1,"1":1},"f":{"0":1},"b":{},"_coverageSchema":"1a1c01bbd47fc00a2c39e90264f33305004495a9","hash":"fe4e4585e725d6e44c6fce9274417b20058fb31d"}
,"C:\\Users\\Hogar\\Desktop\\Laboratoria\\movie-challenge\\src\\components\\movies\\detail\\MoviesDetail.jsx": {"path":"C:\\Users\\Hogar\\Desktop\\Laboratoria\\movie-challenge\\src\\components\\movies\\detail\\MoviesDetail.jsx","statementMap":{"0":{"start":{"line":7,"column":28},"end":{"line":138,"column":1}},"1":{"start":{"line":8,"column":40},"end":{"line":8,"column":52}},"2":{"start":{"line":9,"column":30},"end":{"line":9,"column":42}},"3":{"start":{"line":10,"column":30},"end":{"line":10,"column":42}},"4":{"start":{"line":12,"column":21},"end":{"line":12,"column":32}},"5":{"start":{"line":14,"column":27},"end":{"line":24,"column":3}},"6":{"start":{"line":15,"column":4},"end":{"line":23,"column":41}},"7":{"start":{"line":17,"column":6},"end":{"line":19,"column":7}},"8":{"start":{"line":18,"column":8},"end":{"line":18,"column":58}},"9":{"start":{"line":20,"column":6},"end":{"line":20,"column":29}},"10":{"start":{"line":22,"column":20},"end":{"line":22,"column":40}},"11":{"start":{"line":23,"column":22},"end":{"line":23,"column":40}},"12":{"start":{"line":26,"column":2},"end":{"line":28,"column":5}},"13":{"start":{"line":27,"column":4},"end":{"line":27,"column":23}},"14":{"start":{"line":30,"column":2},"end":{"line":40,"column":17}},"15":{"start":{"line":31,"column":24},"end":{"line":37,"column":5}},"16":{"start":{"line":32,"column":23},"end":{"line":34,"column":7}},"17":{"start":{"line":35,"column":19},"end":{"line":35,"column":40}},"18":{"start":{"line":36,"column":6},"end":{"line":36,"column":29}},"19":{"start":{"line":39,"column":4},"end":{"line":39,"column":18}},"20":{"start":{"line":42,"column":2},"end":{"line":54,"column":17}},"21":{"start":{"line":43,"column":24},"end":{"line":51,"column":5}},"22":{"start":{"line":44,"column":23},"end":{"line":46,"column":7}},"23":{"start":{"line":47,"column":6},"end":{"line":50,"column":7}},"24":{"start":{"line":48,"column":21},"end":{"line":48,"column":42}},"25":{"start":{"line":49,"column":8},"end":{"line":49,"column":41}},"26":{"start":{"line":53,"column":4},"end":{"line":53,"column":18}},"27":{"start":{"line":56,"column":17},"end":{"line":60,"column":3}},"28":{"start":{"line":57,"column":16},"end":{"line":57,"column":36}},"29":{"start":{"line":58,"column":4},"end":{"line":58,"column":19}},"30":{"start":{"line":59,"column":4},"end":{"line":59,"column":31}},"31":{"start":{"line":62,"column":2},"end":{"line":137,"column":4}},"32":{"start":{"line":121,"column":16},"end":{"line":121,"column":52}},"33":{"start":{"line":130,"column":16},"end":{"line":130,"column":52}}},"fnMap":{"0":{"name":"(anonymous_0)","decl":{"start":{"line":7,"column":28},"end":{"line":7,"column":29}},"loc":{"start":{"line":7,"column":34},"end":{"line":138,"column":1}},"line":7},"1":{"name":"(anonymous_1)","decl":{"start":{"line":14,"column":27},"end":{"line":14,"column":28}},"loc":{"start":{"line":14,"column":33},"end":{"line":24,"column":3}},"line":14},"2":{"name":"(anonymous_2)","decl":{"start":{"line":16,"column":10},"end":{"line":16,"column":11}},"loc":{"start":{"line":16,"column":24},"end":{"line":21,"column":5}},"line":16},"3":{"name":"(anonymous_3)","decl":{"start":{"line":22,"column":10},"end":{"line":22,"column":11}},"loc":{"start":{"line":22,"column":20},"end":{"line":22,"column":40}},"line":22},"4":{"name":"(anonymous_4)","decl":{"start":{"line":23,"column":11},"end":{"line":23,"column":12}},"loc":{"start":{"line":23,"column":22},"end":{"line":23,"column":40}},"line":23},"5":{"name":"(anonymous_5)","decl":{"start":{"line":26,"column":12},"end":{"line":26,"column":13}},"loc":{"start":{"line":26,"column":18},"end":{"line":28,"column":3}},"line":26},"6":{"name":"(anonymous_6)","decl":{"start":{"line":30,"column":12},"end":{"line":30,"column":13}},"loc":{"start":{"line":30,"column":18},"end":{"line":40,"column":3}},"line":30},"7":{"name":"(anonymous_7)","decl":{"start":{"line":31,"column":24},"end":{"line":31,"column":25}},"loc":{"start":{"line":31,"column":36},"end":{"line":37,"column":5}},"line":31},"8":{"name":"(anonymous_8)","decl":{"start":{"line":42,"column":12},"end":{"line":42,"column":13}},"loc":{"start":{"line":42,"column":18},"end":{"line":54,"column":3}},"line":42},"9":{"name":"(anonymous_9)","decl":{"start":{"line":43,"column":24},"end":{"line":43,"column":25}},"loc":{"start":{"line":43,"column":36},"end":{"line":51,"column":5}},"line":43},"10":{"name":"(anonymous_10)","decl":{"start":{"line":56,"column":17},"end":{"line":56,"column":18}},"loc":{"start":{"line":56,"column":26},"end":{"line":60,"column":3}},"line":56},"11":{"name":"(anonymous_11)","decl":{"start":{"line":120,"column":26},"end":{"line":120,"column":27}},"loc":{"start":{"line":121,"column":16},"end":{"line":121,"column":52}},"line":121},"12":{"name":"(anonymous_12)","decl":{"start":{"line":129,"column":26},"end":{"line":129,"column":27}},"loc":{"start":{"line":130,"column":16},"end":{"line":130,"column":52}},"line":130}},"branchMap":{"0":{"loc":{"start":{"line":17,"column":6},"end":{"line":19,"column":7}},"type":"if","locations":[{"start":{"line":17,"column":6},"end":{"line":19,"column":7}},{"start":{},"end":{}}],"line":17},"1":{"loc":{"start":{"line":47,"column":6},"end":{"line":50,"column":7}},"type":"if","locations":[{"start":{"line":47,"column":6},"end":{"line":50,"column":7}},{"start":{},"end":{}}],"line":47},"2":{"loc":{"start":{"line":68,"column":12},"end":{"line":68,"column":64}},"type":"binary-expr","locations":[{"start":{"line":68,"column":12},"end":{"line":68,"column":37}},{"start":{"line":68,"column":41},"end":{"line":68,"column":64}}],"line":68},"3":{"loc":{"start":{"line":80,"column":20},"end":{"line":80,"column":72}},"type":"binary-expr","locations":[{"start":{"line":80,"column":20},"end":{"line":80,"column":43}},{"start":{"line":80,"column":47},"end":{"line":80,"column":72}}],"line":80}},"s":{"0":1,"1":1,"2":1,"3":1,"4":1,"5":1,"6":1,"7":0,"8":0,"9":0,"10":0,"11":0,"12":1,"13":1,"14":1,"15":1,"16":1,"17":0,"18":0,"19":1,"20":1,"21":1,"22":1,"23":0,"24":0,"25":0,"26":1,"27":1,"28":1,"29":1,"30":1,"31":1,"32":0,"33":0},"f":{"0":1,"1":1,"2":0,"3":0,"4":0,"5":1,"6":1,"7":1,"8":1,"9":1,"10":1,"11":0,"12":0},"b":{"0":[0,0],"1":[0,0],"2":[1,1],"3":[1,1]},"_coverageSchema":"1a1c01bbd47fc00a2c39e90264f33305004495a9","hash":"8f511cf97a141f96ed8dee9d370757574ae15e03"}
,"C:\\Users\\Hogar\\Desktop\\Laboratoria\\movie-challenge\\src\\components\\movies\\filter\\FilterMovie.jsx": {"path":"C:\\Users\\Hogar\\Desktop\\Laboratoria\\movie-challenge\\src\\components\\movies\\filter\\FilterMovie.jsx","statementMap":{"0":{"start":{"line":5,"column":27},"end":{"line":47,"column":1}},"1":{"start":{"line":6,"column":28},"end":{"line":6,"column":40}},"2":{"start":{"line":8,"column":2},"end":{"line":25,"column":34}},"3":{"start":{"line":9,"column":18},"end":{"line":23,"column":11}},"4":{"start":{"line":10,"column":26},"end":{"line":20,"column":7}},"5":{"start":{"line":11,"column":20},"end":{"line":11,"column":106}},"6":{"start":{"line":13,"column":8},"end":{"line":19,"column":9}},"7":{"start":{"line":14,"column":27},"end":{"line":14,"column":43}},"8":{"start":{"line":15,"column":23},"end":{"line":15,"column":44}},"9":{"start":{"line":16,"column":10},"end":{"line":16,"column":43}},"10":{"start":{"line":18,"column":10},"end":{"line":18,"column":36}},"11":{"start":{"line":22,"column":6},"end":{"line":22,"column":20}},"12":{"start":{"line":24,"column":4},"end":{"line":24,"column":35}},"13":{"start":{"line":24,"column":16},"end":{"line":24,"column":35}},"14":{"start":{"line":27,"column":2},"end":{"line":46,"column":4}},"15":{"start":{"line":34,"column":27},"end":{"line":34,"column":51}}},"fnMap":{"0":{"name":"(anonymous_0)","decl":{"start":{"line":5,"column":27},"end":{"line":5,"column":28}},"loc":{"start":{"line":5,"column":55},"end":{"line":47,"column":1}},"line":5},"1":{"name":"(anonymous_1)","decl":{"start":{"line":8,"column":12},"end":{"line":8,"column":13}},"loc":{"start":{"line":8,"column":18},"end":{"line":25,"column":3}},"line":8},"2":{"name":"(anonymous_2)","decl":{"start":{"line":9,"column":29},"end":{"line":9,"column":30}},"loc":{"start":{"line":9,"column":33},"end":{"line":23,"column":5}},"line":9},"3":{"name":"(anonymous_3)","decl":{"start":{"line":10,"column":26},"end":{"line":10,"column":27}},"loc":{"start":{"line":10,"column":38},"end":{"line":20,"column":7}},"line":10},"4":{"name":"(anonymous_4)","decl":{"start":{"line":24,"column":11},"end":{"line":24,"column":12}},"loc":{"start":{"line":24,"column":16},"end":{"line":24,"column":35}},"line":24},"5":{"name":"(anonymous_5)","decl":{"start":{"line":34,"column":20},"end":{"line":34,"column":21}},"loc":{"start":{"line":34,"column":27},"end":{"line":34,"column":51}},"line":34}},"branchMap":{},"s":{"0":2,"1":4,"2":4,"3":4,"4":0,"5":0,"6":0,"7":0,"8":0,"9":0,"10":0,"11":0,"12":4,"13":4,"14":4,"15":1},"f":{"0":4,"1":4,"2":0,"3":0,"4":4,"5":1},"b":{},"_coverageSchema":"1a1c01bbd47fc00a2c39e90264f33305004495a9","hash":"f5ac588350f50da10b7351ebfcad0c710091b3e3"}
,"C:\\Users\\Hogar\\Desktop\\Laboratoria\\movie-challenge\\src\\components\\movies\\search\\CardMovie.jsx": {"path":"C:\\Users\\Hogar\\Desktop\\Laboratoria\\movie-challenge\\src\\components\\movies\\search\\CardMovie.jsx","statementMap":{"0":{"start":{"line":4,"column":25},"end":{"line":40,"column":1}},"1":{"start":{"line":5,"column":2},"end":{"line":39,"column":4}}},"fnMap":{"0":{"name":"(anonymous_0)","decl":{"start":{"line":4,"column":25},"end":{"line":4,"column":26}},"loc":{"start":{"line":4,"column":48},"end":{"line":40,"column":1}},"line":4}},"branchMap":{},"s":{"0":1,"1":1},"f":{"0":1},"b":{},"_coverageSchema":"1a1c01bbd47fc00a2c39e90264f33305004495a9","hash":"232f568acdb2c2e13f6b3f141e8027710dd4607a"}
,"C:\\Users\\Hogar\\Desktop\\Laboratoria\\movie-challenge\\src\\components\\movies\\search\\MovieList.jsx": {"path":"C:\\Users\\Hogar\\Desktop\\Laboratoria\\movie-challenge\\src\\components\\movies\\search\\MovieList.jsx","statementMap":{"0":{"start":{"line":3,"column":25},"end":{"line":33,"column":1}},"1":{"start":{"line":5,"column":30},"end":{"line":5,"column":42}},"2":{"start":{"line":7,"column":22},"end":{"line":12,"column":3}},"3":{"start":{"line":8,"column":16},"end":{"line":8,"column":107}},"4":{"start":{"line":9,"column":16},"end":{"line":9,"column":32}},"5":{"start":{"line":10,"column":17},"end":{"line":10,"column":33}},"6":{"start":{"line":11,"column":4},"end":{"line":11,"column":27}},"7":{"start":{"line":14,"column":2},"end":{"line":16,"column":8}},"8":{"start":{"line":15,"column":4},"end":{"line":15,"column":17}},"9":{"start":{"line":19,"column":2},"end":{"line":32,"column":4}},"10":{"start":{"line":22,"column":8},"end":{"line":29,"column":14}}},"fnMap":{"0":{"name":"(anonymous_0)","decl":{"start":{"line":3,"column":25},"end":{"line":3,"column":26}},"loc":{"start":{"line":3,"column":31},"end":{"line":33,"column":1}},"line":3},"1":{"name":"(anonymous_1)","decl":{"start":{"line":7,"column":22},"end":{"line":7,"column":23}},"loc":{"start":{"line":7,"column":34},"end":{"line":12,"column":3}},"line":7},"2":{"name":"(anonymous_2)","decl":{"start":{"line":14,"column":12},"end":{"line":14,"column":13}},"loc":{"start":{"line":14,"column":18},"end":{"line":16,"column":3}},"line":14},"3":{"name":"(anonymous_3)","decl":{"start":{"line":21,"column":18},"end":{"line":21,"column":19}},"loc":{"start":{"line":22,"column":8},"end":{"line":29,"column":14}},"line":22}},"branchMap":{},"s":{"0":1,"1":4,"2":4,"3":3,"4":3,"5":3,"6":3,"7":4,"8":3,"9":4,"10":20},"f":{"0":4,"1":3,"2":3,"3":20},"b":{},"_coverageSchema":"1a1c01bbd47fc00a2c39e90264f33305004495a9","hash":"78a090488478b1181da3fef758b2b512c6b24dff"}
,"C:\\Users\\Hogar\\Desktop\\Laboratoria\\movie-challenge\\src\\components\\movies\\search\\SearchMovie.jsx": {"path":"C:\\Users\\Hogar\\Desktop\\Laboratoria\\movie-challenge\\src\\components\\movies\\search\\SearchMovie.jsx","statementMap":{"0":{"start":{"line":9,"column":27},"end":{"line":104,"column":1}},"1":{"start":{"line":10,"column":38},"end":{"line":10,"column":50}},"2":{"start":{"line":11,"column":30},"end":{"line":11,"column":42}},"3":{"start":{"line":12,"column":44},"end":{"line":12,"column":58}},"4":{"start":{"line":14,"column":22},"end":{"line":24,"column":3}},"5":{"start":{"line":15,"column":16},"end":{"line":15,"column":140}},"6":{"start":{"line":17,"column":4},"end":{"line":23,"column":5}},"7":{"start":{"line":18,"column":23},"end":{"line":18,"column":39}},"8":{"start":{"line":19,"column":19},"end":{"line":19,"column":40}},"9":{"start":{"line":20,"column":6},"end":{"line":20,"column":30}},"10":{"start":{"line":22,"column":6},"end":{"line":22,"column":25}},"11":{"start":{"line":26,"column":2},"end":{"line":36,"column":19}},"12":{"start":{"line":28,"column":22},"end":{"line":30,"column":11}},"13":{"start":{"line":29,"column":6},"end":{"line":29,"column":20}},"14":{"start":{"line":33,"column":4},"end":{"line":35,"column":6}},"15":{"start":{"line":34,"column":6},"end":{"line":34,"column":30}},"16":{"start":{"line":38,"column":2},"end":{"line":103,"column":4}},"17":{"start":{"line":51,"column":29},"end":{"line":51,"column":58}},"18":{"start":{"line":63,"column":14},"end":{"line":68,"column":20}},"19":{"start":{"line":72,"column":14},"end":{"line":77,"column":20}},"20":{"start":{"line":81,"column":14},"end":{"line":86,"column":20}},"21":{"start":{"line":90,"column":14},"end":{"line":95,"column":20}}},"fnMap":{"0":{"name":"(anonymous_0)","decl":{"start":{"line":9,"column":27},"end":{"line":9,"column":28}},"loc":{"start":{"line":9,"column":33},"end":{"line":104,"column":1}},"line":9},"1":{"name":"(anonymous_1)","decl":{"start":{"line":14,"column":22},"end":{"line":14,"column":23}},"loc":{"start":{"line":14,"column":34},"end":{"line":24,"column":3}},"line":14},"2":{"name":"(anonymous_2)","decl":{"start":{"line":26,"column":12},"end":{"line":26,"column":13}},"loc":{"start":{"line":26,"column":18},"end":{"line":36,"column":3}},"line":26},"3":{"name":"(anonymous_3)","decl":{"start":{"line":28,"column":33},"end":{"line":28,"column":34}},"loc":{"start":{"line":28,"column":39},"end":{"line":30,"column":5}},"line":28},"4":{"name":"(anonymous_4)","decl":{"start":{"line":33,"column":11},"end":{"line":33,"column":12}},"loc":{"start":{"line":33,"column":17},"end":{"line":35,"column":5}},"line":33},"5":{"name":"(anonymous_5)","decl":{"start":{"line":51,"column":22},"end":{"line":51,"column":23}},"loc":{"start":{"line":51,"column":29},"end":{"line":51,"column":58}},"line":51},"6":{"name":"(anonymous_6)","decl":{"start":{"line":62,"column":23},"end":{"line":62,"column":24}},"loc":{"start":{"line":63,"column":14},"end":{"line":68,"column":20}},"line":63},"7":{"name":"(anonymous_7)","decl":{"start":{"line":71,"column":30},"end":{"line":71,"column":31}},"loc":{"start":{"line":72,"column":14},"end":{"line":77,"column":20}},"line":72},"8":{"name":"(anonymous_8)","decl":{"start":{"line":80,"column":23},"end":{"line":80,"column":24}},"loc":{"start":{"line":81,"column":14},"end":{"line":86,"column":20}},"line":81},"9":{"name":"(anonymous_9)","decl":{"start":{"line":89,"column":30},"end":{"line":89,"column":31}},"loc":{"start":{"line":90,"column":14},"end":{"line":95,"column":20}},"line":90}},"branchMap":{"0":{"loc":{"start":{"line":61,"column":11},"end":{"line":99,"column":11}},"type":"cond-expr","locations":[{"start":{"line":62,"column":12},"end":{"line":69,"column":14}},{"start":{"line":70,"column":14},"end":{"line":99,"column":11}}],"line":61},"1":{"loc":{"start":{"line":61,"column":11},"end":{"line":61,"column":46}},"type":"binary-expr","locations":[{"start":{"line":61,"column":11},"end":{"line":61,"column":28}},{"start":{"line":61,"column":32},"end":{"line":61,"column":46}}],"line":61},"2":{"loc":{"start":{"line":70,"column":14},"end":{"line":99,"column":11}},"type":"cond-expr","locations":[{"start":{"line":71,"column":12},"end":{"line":78,"column":14}},{"start":{"line":79,"column":14},"end":{"line":99,"column":11}}],"line":70},"3":{"loc":{"start":{"line":70,"column":14},"end":{"line":70,"column":49}},"type":"binary-expr","locations":[{"start":{"line":70,"column":14},"end":{"line":70,"column":27}},{"start":{"line":70,"column":31},"end":{"line":70,"column":49}}],"line":70},"4":{"loc":{"start":{"line":79,"column":14},"end":{"line":99,"column":11}},"type":"cond-expr","locations":[{"start":{"line":80,"column":12},"end":{"line":87,"column":14}},{"start":{"line":88,"column":14},"end":{"line":99,"column":11}}],"line":79},"5":{"loc":{"start":{"line":88,"column":14},"end":{"line":99,"column":11}},"type":"cond-expr","locations":[{"start":{"line":89,"column":12},"end":{"line":96,"column":14}},{"start":{"line":98,"column":12},"end":{"line":98,"column":35}}],"line":88}},"s":{"0":1,"1":2,"2":2,"3":2,"4":2,"5":0,"6":0,"7":0,"8":0,"9":0,"10":0,"11":2,"12":2,"13":0,"14":2,"15":2,"16":2,"17":0,"18":0,"19":0,"20":0,"21":0},"f":{"0":2,"1":0,"2":2,"3":0,"4":2,"5":0,"6":0,"7":0,"8":0,"9":0},"b":{"0":[0,2],"1":[2,0],"2":[0,2],"3":[2,0],"4":[0,2],"5":[0,2]},"_coverageSchema":"1a1c01bbd47fc00a2c39e90264f33305004495a9","hash":"f8c1d291a2f79d9175cb8702c76707b8b34d597c"}
}
