{"C:\\Users\\Hogar\\Desktop\\Laboratoria\\movie-challenge\\src\\App.jsx": {"path":"C:\\Users\\Hogar\\Desktop\\Laboratoria\\movie-challenge\\src\\App.jsx","statementMap":{"0":{"start":{"line":22,"column":2},"end":{"line":34,"column":4}}},"fnMap":{"0":{"name":"App","decl":{"start":{"line":16,"column":9},"end":{"line":16,"column":12}},"loc":{"start":{"line":16,"column":15},"end":{"line":35,"column":1}},"line":16}},"branchMap":{},"s":{"0":0},"f":{"0":0},"b":{}}
,"C:\\Users\\Hogar\\Desktop\\Laboratoria\\movie-challenge\\src\\main.jsx": {"path":"C:\\Users\\Hogar\\Desktop\\Laboratoria\\movie-challenge\\src\\main.jsx","statementMap":{"0":{"start":{"line":15,"column":0},"end":{"line":21,"column":1}}},"fnMap":{},"branchMap":{},"s":{"0":0},"f":{},"b":{}}
,"C:\\Users\\Hogar\\Desktop\\Laboratoria\\movie-challenge\\src\\api\\apiConfig.js": {"path":"C:\\Users\\Hogar\\Desktop\\Laboratoria\\movie-challenge\\src\\api\\apiConfig.js","statementMap":{"0":{"start":{"line":1,"column":18},"end":{"line":7,"column":1}},"1":{"start":{"line":4,"column":30},"end":{"line":4,"column":78}},"2":{"start":{"line":5,"column":26},"end":{"line":5,"column":70}},"3":{"start":{"line":6,"column":26},"end":{"line":6,"column":70}}},"fnMap":{"0":{"name":"(anonymous_0)","decl":{"start":{"line":4,"column":17},"end":{"line":4,"column":18}},"loc":{"start":{"line":4,"column":30},"end":{"line":4,"column":78}},"line":4},"1":{"name":"(anonymous_1)","decl":{"start":{"line":5,"column":13},"end":{"line":5,"column":14}},"loc":{"start":{"line":5,"column":26},"end":{"line":5,"column":70}},"line":5},"2":{"name":"(anonymous_2)","decl":{"start":{"line":6,"column":13},"end":{"line":6,"column":14}},"loc":{"start":{"line":6,"column":26},"end":{"line":6,"column":70}},"line":6}},"branchMap":{},"s":{"0":1,"1":0,"2":0,"3":0},"f":{"0":0,"1":0,"2":0},"b":{},"_coverageSchema":"1a1c01bbd47fc00a2c39e90264f33305004495a9","hash":"8b62f6a47406f146bfd35c2348d23d86d45c4b98"}
,"C:\\Users\\Hogar\\Desktop\\Laboratoria\\movie-challenge\\src\\components\\auth\\Login.jsx": {"path":"C:\\Users\\Hogar\\Desktop\\Laboratoria\\movie-challenge\\src\\components\\auth\\Login.jsx","statementMap":{"0":{"start":{"line":2,"column":21},"end":{"line":6,"column":1}},"1":{"start":{"line":3,"column":2},"end":{"line":5,"column":3}}},"fnMap":{"0":{"name":"(anonymous_0)","decl":{"start":{"line":2,"column":21},"end":{"line":2,"column":22}},"loc":{"start":{"line":2,"column":27},"end":{"line":6,"column":1}},"line":2}},"branchMap":{},"s":{"0":0,"1":0},"f":{"0":0},"b":{}}
,"C:\\Users\\Hogar\\Desktop\\Laboratoria\\movie-challenge\\src\\components\\error\\Error.jsx": {"path":"C:\\Users\\Hogar\\Desktop\\Laboratoria\\movie-challenge\\src\\components\\error\\Error.jsx","statementMap":{"0":{"start":{"line":4,"column":21},"end":{"line":14,"column":1}},"1":{"start":{"line":7,"column":2},"end":{"line":13,"column":4}}},"fnMap":{"0":{"name":"(anonymous_0)","decl":{"start":{"line":4,"column":21},"end":{"line":4,"column":22}},"loc":{"start":{"line":4,"column":27},"end":{"line":14,"column":1}},"line":4}},"branchMap":{},"s":{"0":0,"1":0},"f":{"0":0},"b":{}}
,"C:\\Users\\Hogar\\Desktop\\Laboratoria\\movie-challenge\\src\\components\\home\\Home.jsx": {"path":"C:\\Users\\Hogar\\Desktop\\Laboratoria\\movie-challenge\\src\\components\\home\\Home.jsx","statementMap":{"0":{"start":{"line":5,"column":20},"end":{"line":12,"column":1}},"1":{"start":{"line":6,"column":2},"end":{"line":11,"column":4}}},"fnMap":{"0":{"name":"(anonymous_0)","decl":{"start":{"line":5,"column":20},"end":{"line":5,"column":21}},"loc":{"start":{"line":5,"column":26},"end":{"line":12,"column":1}},"line":5}},"branchMap":{},"s":{"0":0,"1":0},"f":{"0":0},"b":{}}
,"C:\\Users\\Hogar\\Desktop\\Laboratoria\\movie-challenge\\src\\components\\home\\carousel\\Carousel.jsx": {"path":"C:\\Users\\Hogar\\Desktop\\Laboratoria\\movie-challenge\\src\\components\\home\\carousel\\Carousel.jsx","statementMap":{"0":{"start":{"line":4,"column":24},"end":{"line":46,"column":1}},"1":{"start":{"line":6,"column":17},"end":{"line":16,"column":3}},"2":{"start":{"line":18,"column":42},"end":{"line":18,"column":53}},"3":{"start":{"line":20,"column":21},"end":{"line":24,"column":3}},"4":{"start":{"line":21,"column":25},"end":{"line":21,"column":43}},"5":{"start":{"line":22,"column":21},"end":{"line":22,"column":72}},"6":{"start":{"line":23,"column":4},"end":{"line":23,"column":29}},"7":{"start":{"line":26,"column":21},"end":{"line":30,"column":3}},"8":{"start":{"line":27,"column":24},"end":{"line":27,"column":58}},"9":{"start":{"line":28,"column":21},"end":{"line":28,"column":55}},"10":{"start":{"line":29,"column":4},"end":{"line":29,"column":29}},"11":{"start":{"line":32,"column":2},"end":{"line":45,"column":3}}},"fnMap":{"0":{"name":"(anonymous_0)","decl":{"start":{"line":4,"column":24},"end":{"line":4,"column":25}},"loc":{"start":{"line":4,"column":30},"end":{"line":46,"column":1}},"line":4},"1":{"name":"(anonymous_1)","decl":{"start":{"line":20,"column":21},"end":{"line":20,"column":22}},"loc":{"start":{"line":20,"column":27},"end":{"line":24,"column":3}},"line":20},"2":{"name":"(anonymous_2)","decl":{"start":{"line":26,"column":21},"end":{"line":26,"column":22}},"loc":{"start":{"line":26,"column":27},"end":{"line":30,"column":3}},"line":26}},"branchMap":{"0":{"loc":{"start":{"line":22,"column":21},"end":{"line":22,"column":72}},"type":"cond-expr","locations":[{"start":{"line":22,"column":36},"end":{"line":22,"column":53}},{"start":{"line":22,"column":56},"end":{"line":22,"column":72}}],"line":22},"1":{"loc":{"start":{"line":28,"column":21},"end":{"line":28,"column":55}},"type":"cond-expr","locations":[{"start":{"line":28,"column":35},"end":{"line":28,"column":36}},{"start":{"line":28,"column":39},"end":{"line":28,"column":55}}],"line":28}},"s":{"0":0,"1":0,"2":0,"3":0,"4":0,"5":0,"6":0,"7":0,"8":0,"9":0,"10":0,"11":0},"f":{"0":0,"1":0,"2":0},"b":{"0":[0,0],"1":[0,0]}}
,"C:\\Users\\Hogar\\Desktop\\Laboratoria\\movie-challenge\\src\\components\\home\\layouts\\Footer.jsx": {"path":"C:\\Users\\Hogar\\Desktop\\Laboratoria\\movie-challenge\\src\\components\\home\\layouts\\Footer.jsx","statementMap":{"0":{"start":{"line":3,"column":22},"end":{"line":27,"column":1}},"1":{"start":{"line":4,"column":2},"end":{"line":26,"column":3}}},"fnMap":{"0":{"name":"(anonymous_0)","decl":{"start":{"line":3,"column":22},"end":{"line":3,"column":23}},"loc":{"start":{"line":3,"column":28},"end":{"line":27,"column":1}},"line":3}},"branchMap":{},"s":{"0":0,"1":0},"f":{"0":0},"b":{}}
,"C:\\Users\\Hogar\\Desktop\\Laboratoria\\movie-challenge\\src\\components\\home\\layouts\\Header.jsx": {"path":"C:\\Users\\Hogar\\Desktop\\Laboratoria\\movie-challenge\\src\\components\\home\\layouts\\Header.jsx","statementMap":{"0":{"start":{"line":10,"column":22},"end":{"line":86,"column":1}},"1":{"start":{"line":14,"column":23},"end":{"line":18,"column":3}},"2":{"start":{"line":15,"column":22},"end":{"line":15,"column":63}},"3":{"start":{"line":16,"column":4},"end":{"line":16,"column":47}},"4":{"start":{"line":17,"column":4},"end":{"line":17,"column":48}},"5":{"start":{"line":20,"column":22},"end":{"line":24,"column":3}},"6":{"start":{"line":21,"column":22},"end":{"line":21,"column":63}},"7":{"start":{"line":22,"column":4},"end":{"line":22,"column":51}},"8":{"start":{"line":23,"column":4},"end":{"line":23,"column":44}},"9":{"start":{"line":29,"column":2},"end":{"line":85,"column":4}}},"fnMap":{"0":{"name":"(anonymous_0)","decl":{"start":{"line":10,"column":22},"end":{"line":10,"column":23}},"loc":{"start":{"line":10,"column":28},"end":{"line":86,"column":1}},"line":10},"1":{"name":"(anonymous_1)","decl":{"start":{"line":14,"column":23},"end":{"line":14,"column":24}},"loc":{"start":{"line":14,"column":29},"end":{"line":18,"column":3}},"line":14},"2":{"name":"(anonymous_2)","decl":{"start":{"line":20,"column":22},"end":{"line":20,"column":23}},"loc":{"start":{"line":20,"column":28},"end":{"line":24,"column":3}},"line":20}},"branchMap":{},"s":{"0":0,"1":0,"2":0,"3":0,"4":0,"5":0,"6":0,"7":0,"8":0,"9":0},"f":{"0":0,"1":0,"2":0},"b":{}}
,"C:\\Users\\Hogar\\Desktop\\Laboratoria\\movie-challenge\\src\\components\\home\\trending\\Trending.jsx": {"path":"C:\\Users\\Hogar\\Desktop\\Laboratoria\\movie-challenge\\src\\components\\home\\trending\\Trending.jsx","statementMap":{"0":{"start":{"line":4,"column":24},"end":{"line":57,"column":1}},"1":{"start":{"line":7,"column":34},"end":{"line":7,"column":46}},"2":{"start":{"line":9,"column":22},"end":{"line":15,"column":3}},"3":{"start":{"line":11,"column":6},"end":{"line":11,"column":95}},"4":{"start":{"line":12,"column":16},"end":{"line":12,"column":32}},"5":{"start":{"line":13,"column":17},"end":{"line":13,"column":33}},"6":{"start":{"line":14,"column":4},"end":{"line":14,"column":30}},"7":{"start":{"line":17,"column":2},"end":{"line":19,"column":9}},"8":{"start":{"line":18,"column":4},"end":{"line":18,"column":18}},"9":{"start":{"line":21,"column":2},"end":{"line":56,"column":4}},"10":{"start":{"line":30,"column":8},"end":{"line":51,"column":14}}},"fnMap":{"0":{"name":"(anonymous_0)","decl":{"start":{"line":4,"column":24},"end":{"line":4,"column":25}},"loc":{"start":{"line":4,"column":30},"end":{"line":57,"column":1}},"line":4},"1":{"name":"(anonymous_1)","decl":{"start":{"line":9,"column":22},"end":{"line":9,"column":23}},"loc":{"start":{"line":9,"column":34},"end":{"line":15,"column":3}},"line":9},"2":{"name":"(anonymous_2)","decl":{"start":{"line":17,"column":12},"end":{"line":17,"column":13}},"loc":{"start":{"line":17,"column":18},"end":{"line":19,"column":3}},"line":17},"3":{"name":"(anonymous_3)","decl":{"start":{"line":29,"column":20},"end":{"line":29,"column":21}},"loc":{"start":{"line":30,"column":8},"end":{"line":51,"column":14}},"line":30}},"branchMap":{},"s":{"0":0,"1":0,"2":0,"3":0,"4":0,"5":0,"6":0,"7":0,"8":0,"9":0,"10":0},"f":{"0":0,"1":0,"2":0,"3":0},"b":{}}
,"C:\\Users\\Hogar\\Desktop\\Laboratoria\\movie-challenge\\src\\components\\movies\\Movies.jsx": {"path":"C:\\Users\\Hogar\\Desktop\\Laboratoria\\movie-challenge\\src\\components\\movies\\Movies.jsx","statementMap":{"0":{"start":{"line":4,"column":22},"end":{"line":31,"column":1}},"1":{"start":{"line":5,"column":2},"end":{"line":30,"column":4}}},"fnMap":{"0":{"name":"(anonymous_0)","decl":{"start":{"line":4,"column":22},"end":{"line":4,"column":23}},"loc":{"start":{"line":4,"column":28},"end":{"line":31,"column":1}},"line":4}},"branchMap":{},"s":{"0":1,"1":1},"f":{"0":1},"b":{},"_coverageSchema":"1a1c01bbd47fc00a2c39e90264f33305004495a9","hash":"b9b0884f7c8fde1be4e4478f6956967655ae0432"}
,"C:\\Users\\Hogar\\Desktop\\Laboratoria\\movie-challenge\\src\\components\\movies\\detail\\MoviesDetail.jsx": {"path":"C:\\Users\\Hogar\\Desktop\\Laboratoria\\movie-challenge\\src\\components\\movies\\detail\\MoviesDetail.jsx","statementMap":{"0":{"start":{"line":7,"column":28},"end":{"line":131,"column":1}},"1":{"start":{"line":8,"column":40},"end":{"line":8,"column":52}},"2":{"start":{"line":9,"column":26},"end":{"line":9,"column":38}},"3":{"start":{"line":11,"column":21},"end":{"line":11,"column":32}},"4":{"start":{"line":13,"column":27},"end":{"line":22,"column":3}},"5":{"start":{"line":14,"column":19},"end":{"line":16,"column":5}},"6":{"start":{"line":17,"column":4},"end":{"line":21,"column":5}},"7":{"start":{"line":18,"column":19},"end":{"line":18,"column":38}},"8":{"start":{"line":20,"column":6},"end":{"line":20,"column":27}},"9":{"start":{"line":26,"column":23},"end":{"line":38,"column":3}},"10":{"start":{"line":27,"column":4},"end":{"line":37,"column":9}},"11":{"start":{"line":30,"column":26},"end":{"line":30,"column":41}},"12":{"start":{"line":32,"column":23},"end":{"line":32,"column":71}},"13":{"start":{"line":32,"column":48},"end":{"line":32,"column":58}},"14":{"start":{"line":33,"column":8},"end":{"line":33,"column":24}},"15":{"start":{"line":36,"column":8},"end":{"line":36,"column":39}},"16":{"start":{"line":42,"column":2},"end":{"line":44,"column":5}},"17":{"start":{"line":43,"column":4},"end":{"line":43,"column":23}},"18":{"start":{"line":46,"column":2},"end":{"line":48,"column":5}},"19":{"start":{"line":47,"column":4},"end":{"line":47,"column":19}},"20":{"start":{"line":54,"column":17},"end":{"line":58,"column":3}},"21":{"start":{"line":55,"column":16},"end":{"line":55,"column":36}},"22":{"start":{"line":56,"column":4},"end":{"line":56,"column":19}},"23":{"start":{"line":57,"column":4},"end":{"line":57,"column":31}},"24":{"start":{"line":60,"column":2},"end":{"line":130,"column":4}}},"fnMap":{"0":{"name":"(anonymous_0)","decl":{"start":{"line":7,"column":28},"end":{"line":7,"column":29}},"loc":{"start":{"line":7,"column":34},"end":{"line":131,"column":1}},"line":7},"1":{"name":"(anonymous_1)","decl":{"start":{"line":13,"column":27},"end":{"line":13,"column":28}},"loc":{"start":{"line":13,"column":39},"end":{"line":22,"column":3}},"line":13},"2":{"name":"(anonymous_2)","decl":{"start":{"line":26,"column":23},"end":{"line":26,"column":24}},"loc":{"start":{"line":26,"column":35},"end":{"line":38,"column":3}},"line":26},"3":{"name":"(anonymous_3)","decl":{"start":{"line":30,"column":12},"end":{"line":30,"column":13}},"loc":{"start":{"line":30,"column":26},"end":{"line":30,"column":41}},"line":30},"4":{"name":"(anonymous_4)","decl":{"start":{"line":31,"column":12},"end":{"line":31,"column":13}},"loc":{"start":{"line":31,"column":22},"end":{"line":34,"column":7}},"line":31},"5":{"name":"(anonymous_5)","decl":{"start":{"line":32,"column":37},"end":{"line":32,"column":38}},"loc":{"start":{"line":32,"column":48},"end":{"line":32,"column":58}},"line":32},"6":{"name":"(anonymous_6)","decl":{"start":{"line":35,"column":13},"end":{"line":35,"column":14}},"loc":{"start":{"line":35,"column":24},"end":{"line":37,"column":7}},"line":35},"7":{"name":"(anonymous_7)","decl":{"start":{"line":42,"column":12},"end":{"line":42,"column":13}},"loc":{"start":{"line":42,"column":18},"end":{"line":44,"column":3}},"line":42},"8":{"name":"(anonymous_8)","decl":{"start":{"line":46,"column":12},"end":{"line":46,"column":13}},"loc":{"start":{"line":46,"column":18},"end":{"line":48,"column":3}},"line":46},"9":{"name":"(anonymous_9)","decl":{"start":{"line":54,"column":17},"end":{"line":54,"column":18}},"loc":{"start":{"line":54,"column":26},"end":{"line":58,"column":3}},"line":54}},"branchMap":{"0":{"loc":{"start":{"line":17,"column":4},"end":{"line":21,"column":5}},"type":"if","locations":[{"start":{"line":17,"column":4},"end":{"line":21,"column":5}},{"start":{},"end":{}}],"line":17},"1":{"loc":{"start":{"line":67,"column":12},"end":{"line":67,"column":64}},"type":"binary-expr","locations":[{"start":{"line":67,"column":12},"end":{"line":67,"column":37}},{"start":{"line":67,"column":41},"end":{"line":67,"column":64}}],"line":67},"2":{"loc":{"start":{"line":79,"column":20},"end":{"line":79,"column":72}},"type":"binary-expr","locations":[{"start":{"line":79,"column":20},"end":{"line":79,"column":43}},{"start":{"line":79,"column":47},"end":{"line":79,"column":72}}],"line":79}},"s":{"0":0,"1":0,"2":0,"3":0,"4":0,"5":0,"6":0,"7":0,"8":0,"9":0,"10":0,"11":0,"12":0,"13":0,"14":0,"15":0,"16":0,"17":0,"18":0,"19":0,"20":0,"21":0,"22":0,"23":0,"24":0},"f":{"0":0,"1":0,"2":0,"3":0,"4":0,"5":0,"6":0,"7":0,"8":0,"9":0},"b":{"0":[0,0],"1":[0,0],"2":[0,0]}}
,"C:\\Users\\Hogar\\Desktop\\Laboratoria\\movie-challenge\\src\\components\\movies\\filter\\FilterMovie.jsx": {"path":"C:\\Users\\Hogar\\Desktop\\Laboratoria\\movie-challenge\\src\\components\\movies\\filter\\FilterMovie.jsx","statementMap":{"0":{"start":{"line":5,"column":27},"end":{"line":46,"column":1}},"1":{"start":{"line":9,"column":28},"end":{"line":9,"column":40}},"2":{"start":{"line":11,"column":2},"end":{"line":25,"column":33}},"3":{"start":{"line":12,"column":24},"end":{"line":22,"column":5}},"4":{"start":{"line":13,"column":18},"end":{"line":13,"column":104}},"5":{"start":{"line":15,"column":6},"end":{"line":21,"column":7}},"6":{"start":{"line":16,"column":25},"end":{"line":16,"column":41}},"7":{"start":{"line":17,"column":21},"end":{"line":17,"column":42}},"8":{"start":{"line":18,"column":8},"end":{"line":18,"column":41}},"9":{"start":{"line":20,"column":8},"end":{"line":20,"column":33}},"10":{"start":{"line":24,"column":4},"end":{"line":24,"column":18}},"11":{"start":{"line":28,"column":2},"end":{"line":45,"column":4}},"12":{"start":{"line":33,"column":45},"end":{"line":33,"column":69}}},"fnMap":{"0":{"name":"(anonymous_0)","decl":{"start":{"line":5,"column":27},"end":{"line":5,"column":28}},"loc":{"start":{"line":5,"column":53},"end":{"line":46,"column":1}},"line":5},"1":{"name":"(anonymous_1)","decl":{"start":{"line":11,"column":12},"end":{"line":11,"column":13}},"loc":{"start":{"line":11,"column":18},"end":{"line":25,"column":3}},"line":11},"2":{"name":"(anonymous_2)","decl":{"start":{"line":12,"column":24},"end":{"line":12,"column":25}},"loc":{"start":{"line":12,"column":36},"end":{"line":22,"column":5}},"line":12},"3":{"name":"(anonymous_3)","decl":{"start":{"line":33,"column":38},"end":{"line":33,"column":39}},"loc":{"start":{"line":33,"column":45},"end":{"line":33,"column":69}},"line":33}},"branchMap":{},"s":{"0":1,"1":2,"2":2,"3":2,"4":2,"5":2,"6":2,"7":0,"8":0,"9":0,"10":2,"11":2,"12":0},"f":{"0":2,"1":2,"2":2,"3":0},"b":{},"_coverageSchema":"1a1c01bbd47fc00a2c39e90264f33305004495a9","hash":"e26cc43a748bcde7d7451fbff27037586588c809"}
,"C:\\Users\\Hogar\\Desktop\\Laboratoria\\movie-challenge\\src\\components\\movies\\modal\\Modal.jsx": {"path":"C:\\Users\\Hogar\\Desktop\\Laboratoria\\movie-challenge\\src\\components\\movies\\modal\\Modal.jsx","statementMap":{"0":{"start":{"line":8,"column":21},"end":{"line":31,"column":1}},"1":{"start":{"line":9,"column":2},"end":{"line":14,"column":9}},"2":{"start":{"line":10,"column":4},"end":{"line":10,"column":44}},"3":{"start":{"line":11,"column":4},"end":{"line":13,"column":6}},"4":{"start":{"line":12,"column":6},"end":{"line":12,"column":44}},"5":{"start":{"line":16,"column":2},"end":{"line":30,"column":4}},"6":{"start":{"line":24,"column":12},"end":{"line":24,"column":29}}},"fnMap":{"0":{"name":"(anonymous_0)","decl":{"start":{"line":8,"column":21},"end":{"line":8,"column":22}},"loc":{"start":{"line":8,"column":61},"end":{"line":31,"column":1}},"line":8},"1":{"name":"(anonymous_1)","decl":{"start":{"line":9,"column":12},"end":{"line":9,"column":13}},"loc":{"start":{"line":9,"column":18},"end":{"line":14,"column":3}},"line":9},"2":{"name":"(anonymous_2)","decl":{"start":{"line":11,"column":11},"end":{"line":11,"column":12}},"loc":{"start":{"line":11,"column":17},"end":{"line":13,"column":5}},"line":11},"3":{"name":"(anonymous_3)","decl":{"start":{"line":23,"column":50},"end":{"line":23,"column":51}},"loc":{"start":{"line":23,"column":56},"end":{"line":25,"column":11}},"line":23}},"branchMap":{},"s":{"0":0,"1":0,"2":0,"3":0,"4":0,"5":0,"6":0},"f":{"0":0,"1":0,"2":0,"3":0},"b":{}}
,"C:\\Users\\Hogar\\Desktop\\Laboratoria\\movie-challenge\\src\\components\\movies\\search\\CardMovie.jsx": {"path":"C:\\Users\\Hogar\\Desktop\\Laboratoria\\movie-challenge\\src\\components\\movies\\search\\CardMovie.jsx","statementMap":{"0":{"start":{"line":4,"column":25},"end":{"line":41,"column":1}},"1":{"start":{"line":6,"column":2},"end":{"line":40,"column":4}}},"fnMap":{"0":{"name":"(anonymous_0)","decl":{"start":{"line":4,"column":25},"end":{"line":4,"column":26}},"loc":{"start":{"line":4,"column":48},"end":{"line":41,"column":1}},"line":4}},"branchMap":{},"s":{"0":1,"1":0},"f":{"0":0},"b":{},"_coverageSchema":"1a1c01bbd47fc00a2c39e90264f33305004495a9","hash":"30e67773fc4030a5101534417bea34a22581b200"}
,"C:\\Users\\Hogar\\Desktop\\Laboratoria\\movie-challenge\\src\\components\\movies\\search\\MovieList.jsx": {"path":"C:\\Users\\Hogar\\Desktop\\Laboratoria\\movie-challenge\\src\\components\\movies\\search\\MovieList.jsx","statementMap":{"0":{"start":{"line":4,"column":25},"end":{"line":36,"column":1}},"1":{"start":{"line":7,"column":30},"end":{"line":7,"column":42}},"2":{"start":{"line":9,"column":22},"end":{"line":14,"column":3}},"3":{"start":{"line":10,"column":16},"end":{"line":10,"column":107}},"4":{"start":{"line":11,"column":16},"end":{"line":11,"column":32}},"5":{"start":{"line":12,"column":17},"end":{"line":12,"column":33}},"6":{"start":{"line":13,"column":4},"end":{"line":13,"column":27}},"7":{"start":{"line":16,"column":2},"end":{"line":18,"column":8}},"8":{"start":{"line":17,"column":4},"end":{"line":17,"column":17}},"9":{"start":{"line":21,"column":2},"end":{"line":35,"column":4}},"10":{"start":{"line":24,"column":8},"end":{"line":32,"column":14}}},"fnMap":{"0":{"name":"(anonymous_0)","decl":{"start":{"line":4,"column":25},"end":{"line":4,"column":26}},"loc":{"start":{"line":4,"column":31},"end":{"line":36,"column":1}},"line":4},"1":{"name":"(anonymous_1)","decl":{"start":{"line":9,"column":22},"end":{"line":9,"column":23}},"loc":{"start":{"line":9,"column":34},"end":{"line":14,"column":3}},"line":9},"2":{"name":"(anonymous_2)","decl":{"start":{"line":16,"column":12},"end":{"line":16,"column":13}},"loc":{"start":{"line":16,"column":18},"end":{"line":18,"column":3}},"line":16},"3":{"name":"(anonymous_3)","decl":{"start":{"line":23,"column":18},"end":{"line":23,"column":19}},"loc":{"start":{"line":24,"column":8},"end":{"line":32,"column":14}},"line":24}},"branchMap":{},"s":{"0":1,"1":2,"2":2,"3":2,"4":2,"5":0,"6":0,"7":2,"8":2,"9":2,"10":0},"f":{"0":2,"1":2,"2":2,"3":0},"b":{},"_coverageSchema":"1a1c01bbd47fc00a2c39e90264f33305004495a9","hash":"df110b49a0145c5e22a65304e91ff23cca7d60c4"}
,"C:\\Users\\Hogar\\Desktop\\Laboratoria\\movie-challenge\\src\\components\\movies\\search\\SearchMovie.jsx": {"path":"C:\\Users\\Hogar\\Desktop\\Laboratoria\\movie-challenge\\src\\components\\movies\\search\\SearchMovie.jsx","statementMap":{"0":{"start":{"line":10,"column":27},"end":{"line":124,"column":1}},"1":{"start":{"line":12,"column":38},"end":{"line":12,"column":50}},"2":{"start":{"line":13,"column":30},"end":{"line":13,"column":42}},"3":{"start":{"line":14,"column":44},"end":{"line":14,"column":58}},"4":{"start":{"line":16,"column":22},"end":{"line":26,"column":3}},"5":{"start":{"line":17,"column":16},"end":{"line":17,"column":140}},"6":{"start":{"line":19,"column":4},"end":{"line":25,"column":5}},"7":{"start":{"line":20,"column":23},"end":{"line":20,"column":39}},"8":{"start":{"line":21,"column":19},"end":{"line":21,"column":40}},"9":{"start":{"line":22,"column":6},"end":{"line":22,"column":30}},"10":{"start":{"line":24,"column":6},"end":{"line":24,"column":25}},"11":{"start":{"line":28,"column":2},"end":{"line":30,"column":5}},"12":{"start":{"line":29,"column":4},"end":{"line":29,"column":18}},"13":{"start":{"line":39,"column":2},"end":{"line":123,"column":4}},"14":{"start":{"line":55,"column":29},"end":{"line":55,"column":58}},"15":{"start":{"line":83,"column":14},"end":{"line":88,"column":20}},"16":{"start":{"line":92,"column":14},"end":{"line":97,"column":20}},"17":{"start":{"line":101,"column":14},"end":{"line":106,"column":20}},"18":{"start":{"line":110,"column":14},"end":{"line":115,"column":20}}},"fnMap":{"0":{"name":"(anonymous_0)","decl":{"start":{"line":10,"column":27},"end":{"line":10,"column":28}},"loc":{"start":{"line":10,"column":33},"end":{"line":124,"column":1}},"line":10},"1":{"name":"(anonymous_1)","decl":{"start":{"line":16,"column":22},"end":{"line":16,"column":23}},"loc":{"start":{"line":16,"column":34},"end":{"line":26,"column":3}},"line":16},"2":{"name":"(anonymous_2)","decl":{"start":{"line":28,"column":12},"end":{"line":28,"column":13}},"loc":{"start":{"line":28,"column":18},"end":{"line":30,"column":3}},"line":28},"3":{"name":"(anonymous_3)","decl":{"start":{"line":55,"column":22},"end":{"line":55,"column":23}},"loc":{"start":{"line":55,"column":29},"end":{"line":55,"column":58}},"line":55},"4":{"name":"(anonymous_4)","decl":{"start":{"line":82,"column":23},"end":{"line":82,"column":24}},"loc":{"start":{"line":83,"column":14},"end":{"line":88,"column":20}},"line":83},"5":{"name":"(anonymous_5)","decl":{"start":{"line":91,"column":30},"end":{"line":91,"column":31}},"loc":{"start":{"line":92,"column":14},"end":{"line":97,"column":20}},"line":92},"6":{"name":"(anonymous_6)","decl":{"start":{"line":100,"column":23},"end":{"line":100,"column":24}},"loc":{"start":{"line":101,"column":14},"end":{"line":106,"column":20}},"line":101},"7":{"name":"(anonymous_7)","decl":{"start":{"line":109,"column":30},"end":{"line":109,"column":31}},"loc":{"start":{"line":110,"column":14},"end":{"line":115,"column":20}},"line":110}},"branchMap":{"0":{"loc":{"start":{"line":81,"column":11},"end":{"line":119,"column":11}},"type":"cond-expr","locations":[{"start":{"line":82,"column":12},"end":{"line":89,"column":14}},{"start":{"line":90,"column":14},"end":{"line":119,"column":11}}],"line":81},"1":{"loc":{"start":{"line":81,"column":11},"end":{"line":81,"column":46}},"type":"binary-expr","locations":[{"start":{"line":81,"column":11},"end":{"line":81,"column":28}},{"start":{"line":81,"column":32},"end":{"line":81,"column":46}}],"line":81},"2":{"loc":{"start":{"line":90,"column":14},"end":{"line":119,"column":11}},"type":"cond-expr","locations":[{"start":{"line":91,"column":12},"end":{"line":98,"column":14}},{"start":{"line":99,"column":14},"end":{"line":119,"column":11}}],"line":90},"3":{"loc":{"start":{"line":90,"column":14},"end":{"line":90,"column":49}},"type":"binary-expr","locations":[{"start":{"line":90,"column":14},"end":{"line":90,"column":27}},{"start":{"line":90,"column":31},"end":{"line":90,"column":49}}],"line":90},"4":{"loc":{"start":{"line":99,"column":14},"end":{"line":119,"column":11}},"type":"cond-expr","locations":[{"start":{"line":100,"column":12},"end":{"line":107,"column":14}},{"start":{"line":108,"column":14},"end":{"line":119,"column":11}}],"line":99},"5":{"loc":{"start":{"line":108,"column":14},"end":{"line":119,"column":11}},"type":"cond-expr","locations":[{"start":{"line":109,"column":12},"end":{"line":116,"column":14}},{"start":{"line":118,"column":12},"end":{"line":118,"column":35}}],"line":108}},"s":{"0":1,"1":2,"2":2,"3":2,"4":2,"5":2,"6":2,"7":2,"8":0,"9":0,"10":0,"11":2,"12":2,"13":2,"14":0,"15":0,"16":0,"17":0,"18":0},"f":{"0":2,"1":2,"2":2,"3":0,"4":0,"5":0,"6":0,"7":0},"b":{"0":[0,2],"1":[2,0],"2":[0,2],"3":[2,0],"4":[0,2],"5":[0,2]},"_coverageSchema":"1a1c01bbd47fc00a2c39e90264f33305004495a9","hash":"7e3933e60078156a292e33cf81cd32efd7c316e6"}
}
